Traceback (most recent call last):
  File "C:\Users\root\Documents\New project\RL\KNP\.conda\Lib\site-packages\urllib3\connectionpool.py", line 787, in urlopen
    response = self._make_request(
               ^^^^^^^^^^^^^^^^^^^
  File "C:\Users\root\Documents\New project\RL\KNP\.conda\Lib\site-packages\urllib3\connectionpool.py", line 534, in _make_request
    response = conn.getresponse()
               ^^^^^^^^^^^^^^^^^^
  File "C:\Users\root\Documents\New project\RL\KNP\.conda\Lib\site-packages\urllib3\connection.py", line 571, in getresponse
    httplib_response = super().getresponse()
                       ^^^^^^^^^^^^^^^^^^^^^
  File "C:\Users\root\Documents\New project\RL\KNP\.conda\Lib\http\client.py", line 1450, in getresponse
    response.begin()
  File "C:\Users\root\Documents\New project\RL\KNP\.conda\Lib\http\client.py", line 355, in begin
    self.headers = self.msg = parse_headers(self.fp)
                              ^^^^^^^^^^^^^^^^^^^^^^
  File "C:\Users\root\Documents\New project\RL\KNP\.conda\Lib\http\client.py", line 253, in parse_headers
    headers = _read_headers(fp)
              ^^^^^^^^^^^^^^^^^
  File "C:\Users\root\Documents\New project\RL\KNP\.conda\Lib\http\client.py", line 226, in _read_headers
    line = fp.readline(_MAXLINE + 1)
           ^^^^^^^^^^^^^^^^^^^^^^^^^
  File "C:\Users\root\Documents\New project\RL\KNP\.conda\Lib\socket.py", line 720, in readinto
    return self._sock.recv_into(b)
           ^^^^^^^^^^^^^^^^^^^^^^^
ConnectionResetError: [WinError 10054] Óäŕëĺííűé őîńň ďđčíóäčňĺëüíî đŕçîđâŕë ńóůĺńňâóţůĺĺ ďîäęëţ÷ĺíčĺ

The above exception was the direct cause of the following exception:

urllib3.exceptions.ProxyError: ('Unable to connect to proxy', ConnectionResetError(10054, 'Óäŕëĺííűé őîńň ďđčíóäčňĺëüíî đŕçîđâŕë ńóůĺńňâóţůĺĺ ďîäęëţ÷ĺíčĺ', None, 10054, None))

The above exception was the direct cause of the following exception:

Traceback (most recent call last):
  File "C:\Users\root\Documents\New project\RL\KNP\.conda\Lib\site-packages\requests\adapters.py", line 645, in send
    resp = conn.urlopen(
           ^^^^^^^^^^^^^
  File "C:\Users\root\Documents\New project\RL\KNP\.conda\Lib\site-packages\urllib3\connectionpool.py", line 841, in urlopen
    retries = retries.increment(
              ^^^^^^^^^^^^^^^^^^
  File "C:\Users\root\Documents\New project\RL\KNP\.conda\Lib\site-packages\urllib3\util\retry.py", line 535, in increment
    raise MaxRetryError(_pool, url, reason) from reason  # type: ignore[arg-type]
    ^^^^^^^^^^^^^^^^^^^^^^^^^^^^^^^^^^^^^^^^^^^^^^^^^^^
urllib3.exceptions.MaxRetryError: HTTPConnectionPool(host='127.0.0.1', port=12334): Max retries exceeded with url: http://127.0.0.1:8080/rl/step (Caused by ProxyError('Unable to connect to proxy', ConnectionResetError(10054, 'Óäŕëĺííűé őîńň ďđčíóäčňĺëüíî đŕçîđâŕë ńóůĺńňâóţůĺĺ ďîäęëţ÷ĺíčĺ', None, 10054, None)))

During handling of the above exception, another exception occurred:

Traceback (most recent call last):
  File "C:\Users\root\Documents\New project\RL\KNP\train_walk_ppo.py", line 216, in <module>
    main()
  File "C:\Users\root\Documents\New project\RL\KNP\train_walk_ppo.py", line 205, in main
    train_visible(
  File "C:\Users\root\Documents\New project\RL\KNP\train_walk_ppo.py", line 135, in train_visible
    batch = collect_rollout(env, model, horizon, device)
            ^^^^^^^^^^^^^^^^^^^^^^^^^^^^^^^^^^^^^^^^^^^^
  File "C:\Users\root\Documents\New project\RL\KNP\train_walk_ppo.py", line 64, in collect_rollout
    result = env.step(action.squeeze(0).cpu().numpy())
             ^^^^^^^^^^^^^^^^^^^^^^^^^^^^^^^^^^^^^^^^^
  File "C:\Users\root\Documents\New project\RL\KNP\desktop_rl_env.py", line 48, in step
    payload = self._post(
              ^^^^^^^^^^^
  File "C:\Users\root\Documents\New project\RL\KNP\desktop_rl_env.py", line 77, in _post
    response = self.session.post(f"{self.base_url}{path}", json=payload, timeout=self.timeout_s)
               ^^^^^^^^^^^^^^^^^^^^^^^^^^^^^^^^^^^^^^^^^^^^^^^^^^^^^^^^^^^^^^^^^^^^^^^^^^^^^^^^^
  File "C:\Users\root\Documents\New project\RL\KNP\.conda\Lib\site-packages\requests\sessions.py", line 640, in post
    return self.request("POST", url, data=data, json=json, **kwargs)
           ^^^^^^^^^^^^^^^^^^^^^^^^^^^^^^^^^^^^^^^^^^^^^^^^^^^^^^^^^
  File "C:\Users\root\Documents\New project\RL\KNP\.conda\Lib\site-packages\requests\sessions.py", line 592, in request
    resp = self.send(prep, **send_kwargs)
           ^^^^^^^^^^^^^^^^^^^^^^^^^^^^^^
  File "C:\Users\root\Documents\New project\RL\KNP\.conda\Lib\site-packages\requests\sessions.py", line 706, in send
    r = adapter.send(request, **kwargs)
        ^^^^^^^^^^^^^^^^^^^^^^^^^^^^^^^
  File "C:\Users\root\Documents\New project\RL\KNP\.conda\Lib\site-packages\requests\adapters.py", line 672, in send
    raise ProxyError(e, request=request)
requests.exceptions.ProxyError: HTTPConnectionPool(host='127.0.0.1', port=12334): Max retries exceeded with url: http://127.0.0.1:8080/rl/step (Caused by ProxyError('Unable to connect to proxy', ConnectionResetError(10054, 'Óäŕëĺííűé őîńň ďđčíóäčňĺëüíî đŕçîđâŕë ńóůĺńňâóţůĺĺ ďîäęëţ÷ĺíčĺ', None, 10054, None)))
